  Bob.cpp
  DetectCollisions.cpp
C:\Users\toby0\Documents\GitHub\Thomas-Was-Late\TWL\DetectCollisions.cpp(12,16): warning C4244: '=': 將 'const int' 轉換為 'T'，由於類型不同，可能導致資料遺失
          with
          [
              T=float
          ]
C:\Users\toby0\Documents\GitHub\Thomas-Was-Late\TWL\DetectCollisions.cpp(13,17): warning C4244: '=': 將 'const int' 轉換為 'T'，由於類型不同，可能導致資料遺失
          with
          [
              T=float
          ]
C:\Users\toby0\Documents\GitHub\Thomas-Was-Late\TWL\DetectCollisions.cpp(33,81): warning C4244: '引數': 將 'int' 轉換為 'T'，由於類型不同，可能導致資料遺失
          with
          [
              T=float
          ]
C:\Users\toby0\Documents\GitHub\Thomas-Was-Late\TWL\DetectCollisions.cpp(33,46): warning C4244: '引數': 將 'int' 轉換為 'T'，由於類型不同，可能導致資料遺失
          with
          [
              T=float
          ]
C:\Users\toby0\Documents\GitHub\Thomas-Was-Late\TWL\DetectCollisions.cpp(37,44): warning C4244: '引數': 將 'const int' 轉換為 'float'，由於類型不同，可能導致資料遺失
C:\Users\toby0\Documents\GitHub\Thomas-Was-Late\TWL\DetectCollisions.cpp(45,19): warning C4244: '=': 將 'int' 轉換為 'T'，由於類型不同，可能導致資料遺失
          with
          [
              T=float
          ]
C:\Users\toby0\Documents\GitHub\Thomas-Was-Late\TWL\DetectCollisions.cpp(46,18): warning C4244: '=': 將 'int' 轉換為 'T'，由於類型不同，可能導致資料遺失
          with
          [
              T=float
          ]
C:\Users\toby0\Documents\GitHub\Thomas-Was-Late\TWL\DetectCollisions.cpp(54,47): warning C4244: '引數': 將 'const int' 轉換為 'float'，由於類型不同，可能導致資料遺失
  Draw.cpp
  Engine.cpp
C:\Users\toby0\Documents\GitHub\Thomas-Was-Late\TWL\Engine.cpp(8,44): warning C4244: '=': 將 'unsigned int' 轉換為 'T'，由於類型不同，可能導致資料遺失
          with
          [
              T=float
          ]
C:\Users\toby0\Documents\GitHub\Thomas-Was-Late\TWL\Engine.cpp(9,44): warning C4244: '=': 將 'unsigned int' 轉換為 'T'，由於類型不同，可能導致資料遺失
          with
          [
              T=float
          ]
C:\Users\toby0\Documents\GitHub\Thomas-Was-Late\TWL\Engine.cpp(11,52): warning C4244: '引數': 將 'T' 轉換為 'unsigned int'，由於類型不同，可能導致資料遺失
          with
          [
              T=float
          ]
C:\Users\toby0\Documents\GitHub\Thomas-Was-Late\TWL\Engine.cpp(11,38): warning C4244: '引數': 將 'T' 轉換為 'unsigned int'，由於類型不同，可能導致資料遺失
          with
          [
              T=float
          ]
  Input.cpp
  LevelManager.cpp
C:\Users\toby0\Documents\GitHub\Thomas-Was-Late\TWL\LevelManager.cpp(69,28): warning C4267: '=': 將 'size_t' 轉換為 'T'，資料可能遺失
          with
          [
              T=int
          ]
C:\Users\toby0\Documents\GitHub\Thomas-Was-Late\TWL\LevelManager.cpp(115,31): warning C4244: '引數': 將 'int' 轉換為 'T'，由於類型不同，可能導致資料遺失
          with
          [
              T=float
          ]
C:\Users\toby0\Documents\GitHub\Thomas-Was-Late\TWL\LevelManager.cpp(115,16): warning C4244: '引數': 將 'int' 轉換為 'T'，由於類型不同，可能導致資料遺失
          with
          [
              T=float
          ]
C:\Users\toby0\Documents\GitHub\Thomas-Was-Late\TWL\LevelManager.cpp(118,45): warning C4244: '引數': 將 'int' 轉換為 'T'，由於類型不同，可能導致資料遺失
          with
          [
              T=float
          ]
C:\Users\toby0\Documents\GitHub\Thomas-Was-Late\TWL\LevelManager.cpp(118,30): warning C4244: '引數': 將 'int' 轉換為 'T'，由於類型不同，可能導致資料遺失
          with
          [
              T=float
          ]
C:\Users\toby0\Documents\GitHub\Thomas-Was-Late\TWL\LevelManager.cpp(121,59): warning C4244: '引數': 將 'int' 轉換為 'T'，由於類型不同，可能導致資料遺失
          with
          [
              T=float
          ]
C:\Users\toby0\Documents\GitHub\Thomas-Was-Late\TWL\LevelManager.cpp(121,30): warning C4244: '引數': 將 'int' 轉換為 'T'，由於類型不同，可能導致資料遺失
          with
          [
              T=float
          ]
C:\Users\toby0\Documents\GitHub\Thomas-Was-Late\TWL\LevelManager.cpp(124,47): warning C4244: '引數': 將 'int' 轉換為 'T'，由於類型不同，可能導致資料遺失
          with
          [
              T=float
          ]
C:\Users\toby0\Documents\GitHub\Thomas-Was-Late\TWL\LevelManager.cpp(124,17): warning C4244: '引數': 將 'int' 轉換為 'T'，由於類型不同，可能導致資料遺失
          with
          [
              T=float
          ]
C:\Users\toby0\Documents\GitHub\Thomas-Was-Late\TWL\LevelManager.cpp(130,19): warning C4244: '引數': 將 'int' 轉換為 'T'，由於類型不同，可能導致資料遺失
          with
          [
              T=float
          ]
C:\Users\toby0\Documents\GitHub\Thomas-Was-Late\TWL\LevelManager.cpp(133,27): warning C4244: '引數': 將 'int' 轉換為 'T'，由於類型不同，可能導致資料遺失
          with
          [
              T=float
          ]
C:\Users\toby0\Documents\GitHub\Thomas-Was-Late\TWL\LevelManager.cpp(133,14): warning C4244: '引數': 將 'const int' 轉換為 'T'，由於類型不同，可能導致資料遺失
          with
          [
              T=float
          ]
C:\Users\toby0\Documents\GitHub\Thomas-Was-Late\TWL\LevelManager.cpp(136,35): warning C4244: '引數': 將 'int' 轉換為 'T'，由於類型不同，可能導致資料遺失
          with
          [
              T=float
          ]
C:\Users\toby0\Documents\GitHub\Thomas-Was-Late\TWL\LevelManager.cpp(136,14): warning C4244: '引數': 將 'const int' 轉換為 'T'，由於類型不同，可能導致資料遺失
          with
          [
              T=float
          ]
C:\Users\toby0\Documents\GitHub\Thomas-Was-Late\TWL\LevelManager.cpp(139,27): warning C4244: '引數': 將 'int' 轉換為 'T'，由於類型不同，可能導致資料遺失
          with
          [
              T=float
          ]
  LoadLevel.cpp
C:\Users\toby0\Documents\GitHub\Thomas-Was-Late\TWL\LoadLevel.cpp(26,42): warning C4244: '引數': 將 'const int' 轉換為 'float'，由於類型不同，可能導致資料遺失
C:\Users\toby0\Documents\GitHub\Thomas-Was-Late\TWL\LoadLevel.cpp(27,39): warning C4244: '引數': 將 'const int' 轉換為 'float'，由於類型不同，可能導致資料遺失
  Main.cpp
  Particle.cpp
  PopulateEmitters.cpp
C:\Users\toby0\Documents\GitHub\Thomas-Was-Late\TWL\PopulateEmitters.cpp(11,22): warning C4834: 正在捨棄具有 'nodiscard' 屬性之函式的傳回值
C:\Users\toby0\Documents\GitHub\Thomas-Was-Late\TWL\PopulateEmitters.cpp(29,6): warning C4244: '引數': 將 'const int' 轉換為 'T'，由於類型不同，可能導致資料遺失
          with
          [
              T=float
          ]
C:\Users\toby0\Documents\GitHub\Thomas-Was-Late\TWL\PopulateEmitters.cpp(28,6): warning C4244: '引數': 將 'const int' 轉換為 'T'，由於類型不同，可能導致資料遺失
          with
          [
              T=float
          ]
C:\Users\toby0\Documents\GitHub\Thomas-Was-Late\TWL\PopulateEmitters.cpp(27,8): warning C4244: '引數': 將 'int' 轉換為 'T'，由於類型不同，可能導致資料遺失
          with
          [
              T=float
          ]
C:\Users\toby0\Documents\GitHub\Thomas-Was-Late\TWL\PopulateEmitters.cpp(26,22): warning C4244: '引數': 將 'int' 轉換為 'T'，由於類型不同，可能導致資料遺失
          with
          [
              T=float
          ]
C:\Users\toby0\Documents\GitHub\Thomas-Was-Late\TWL\PopulateEmitters.cpp(33,33): warning C4244: '引數': 將 'int' 轉換為 'T'，由於類型不同，可能導致資料遺失
          with
          [
              T=float
          ]
C:\Users\toby0\Documents\GitHub\Thomas-Was-Late\TWL\PopulateEmitters.cpp(33,18): warning C4244: '引數': 將 'int' 轉換為 'T'，由於類型不同，可能導致資料遺失
          with
          [
              T=float
          ]
C:\Users\toby0\Documents\GitHub\Thomas-Was-Late\TWL\PopulateEmitters.cpp(38,31): warning C4244: '=': 將 'int' 轉換為 'T'，由於類型不同，可能導致資料遺失
          with
          [
              T=float
          ]
C:\Users\toby0\Documents\GitHub\Thomas-Was-Late\TWL\PopulateEmitters.cpp(39,30): warning C4244: '=': 將 'int' 轉換為 'T'，由於類型不同，可能導致資料遺失
          with
          [
              T=float
          ]
C:\Users\toby0\Documents\GitHub\Thomas-Was-Late\TWL\PopulateEmitters.cpp(40,40): warning C4244: '=': 將 'int' 轉換為 'T'，由於類型不同，可能導致資料遺失
          with
          [
              T=float
          ]
C:\Users\toby0\Documents\GitHub\Thomas-Was-Late\TWL\PopulateEmitters.cpp(41,41): warning C4244: '=': 將 'int' 轉換為 'T'，由於類型不同，可能導致資料遺失
          with
          [
              T=float
          ]
  SoundManager.cpp
  Thomas.cpp
C:\Users\toby0\Documents\GitHub\Thomas-Was-Late\TWL\Thomas.cpp(10,22): warning C4305: '=': 從 'double' 轉換為 'float'，是由較大的類型轉換為較小的類型，可能導致資料遺失
  Update.cpp
  正在產生程式碼...
  TWL.vcxproj -> C:\Users\toby0\Documents\GitHub\Thomas-Was-Late\TWL\x64\Debug\TWL.exe
